<?xml version="1.0" encoding="UTF-8"?>
<testsuite name="Test" tests="1" skipped="0" failures="0" errors="0" timestamp="2025-08-08T20:55:39" hostname="TOWER-DESKTOP" time="0.024">
  <properties/>
  <testcase name="test is_valid binary number state machine()" classname="Test" time="0.024"/>
  <system-out><![CDATA[]]></system-out>
  <system-err><![CDATA[]]></system-err>
</testsuite>
