<?xml version="1.0" encoding="UTF-8"?>
<testsuite name="Test" tests="1" skipped="0" failures="0" errors="0" timestamp="2025-08-08T19:47:58" hostname="TOWER-DESKTOP" time="0.017">
  <properties/>
  <testcase name="test valid integers()" classname="Test" time="0.017"/>
  <system-out><![CDATA[]]></system-out>
  <system-err><![CDATA[]]></system-err>
</testsuite>
